<?xml version="1.0" encoding="UTF-8"?>
<!-- Generated by org.testng.reporters.JUnitReportReporter -->
<testsuite hostname="DESKTOP-9538315" failures="0" tests="1" name="MercurytoursTestscenerios.Mercury_TC3_flightbooking" time="8.945" errors="0" timestamp="2023-08-23T17:23:14 IST" skipped="0">
  <testcase classname="MercurytoursTestscenerios.Mercury_TC3_flightbooking" name="flightbooking" time="8.945"/>
</testsuite> <!-- MercurytoursTestscenerios.Mercury_TC3_flightbooking -->
